{"/home/pjackbar/Springboard/jobly/express-jobly/app.js": {"path":"/home/pjackbar/Springboard/jobly/express-jobly/app.js","statementMap":{"0":{"start":{"line":5,"column":16},"end":{"line":5,"column":34}},"1":{"start":{"line":6,"column":13},"end":{"line":6,"column":28}},"2":{"start":{"line":8,"column":26},"end":{"line":8,"column":51}},"3":{"start":{"line":10,"column":28},"end":{"line":10,"column":56}},"4":{"start":{"line":11,"column":19},"end":{"line":11,"column":43}},"5":{"start":{"line":12,"column":24},"end":{"line":12,"column":53}},"6":{"start":{"line":13,"column":20},"end":{"line":13,"column":45}},"7":{"start":{"line":15,"column":15},"end":{"line":15,"column":32}},"8":{"start":{"line":17,"column":12},"end":{"line":17,"column":21}},"9":{"start":{"line":19,"column":0},"end":{"line":19,"column":16}},"10":{"start":{"line":20,"column":0},"end":{"line":20,"column":24}},"11":{"start":{"line":21,"column":0},"end":{"line":21,"column":24}},"12":{"start":{"line":22,"column":0},"end":{"line":22,"column":25}},"13":{"start":{"line":24,"column":0},"end":{"line":24,"column":29}},"14":{"start":{"line":25,"column":0},"end":{"line":25,"column":39}},"15":{"start":{"line":26,"column":0},"end":{"line":26,"column":31}},"16":{"start":{"line":30,"column":0},"end":{"line":32,"column":3}},"17":{"start":{"line":31,"column":2},"end":{"line":31,"column":35}},"18":{"start":{"line":35,"column":0},"end":{"line":43,"column":3}},"19":{"start":{"line":36,"column":2},"end":{"line":36,"column":64}},"20":{"start":{"line":36,"column":39},"end":{"line":36,"column":64}},"21":{"start":{"line":37,"column":17},"end":{"line":37,"column":34}},"22":{"start":{"line":38,"column":18},"end":{"line":38,"column":29}},"23":{"start":{"line":40,"column":2},"end":{"line":42,"column":5}},"24":{"start":{"line":45,"column":0},"end":{"line":45,"column":21}}},"fnMap":{"0":{"name":"(anonymous_0)","decl":{"start":{"line":30,"column":8},"end":{"line":30,"column":9}},"loc":{"start":{"line":30,"column":34},"end":{"line":32,"column":1}},"line":30},"1":{"name":"(anonymous_1)","decl":{"start":{"line":35,"column":8},"end":{"line":35,"column":9}},"loc":{"start":{"line":35,"column":39},"end":{"line":43,"column":1}},"line":35}},"branchMap":{"0":{"loc":{"start":{"line":36,"column":2},"end":{"line":36,"column":64}},"type":"if","locations":[{"start":{"line":36,"column":2},"end":{"line":36,"column":64}},{"start":{},"end":{}}],"line":36},"1":{"loc":{"start":{"line":37,"column":17},"end":{"line":37,"column":34}},"type":"binary-expr","locations":[{"start":{"line":37,"column":17},"end":{"line":37,"column":27}},{"start":{"line":37,"column":31},"end":{"line":37,"column":34}}],"line":37}},"s":{"0":4,"1":4,"2":4,"3":4,"4":4,"5":4,"6":4,"7":4,"8":4,"9":4,"10":4,"11":4,"12":4,"13":4,"14":4,"15":4,"16":4,"17":2,"18":4,"19":39,"20":1,"21":39,"22":39,"23":39,"24":4},"f":{"0":2,"1":39},"b":{"0":[1,38],"1":[39,2]},"_coverageSchema":"1a1c01bbd47fc00a2c39e90264f33305004495a9","hash":"e32360a6eced49617c6c1d72d7eff84410c976db"}
,"/home/pjackbar/Springboard/jobly/express-jobly/config.js": {"path":"/home/pjackbar/Springboard/jobly/express-jobly/config.js","statementMap":{"0":{"start":{"line":5,"column":0},"end":{"line":5,"column":27}},"1":{"start":{"line":6,"column":0},"end":{"line":6,"column":18}},"2":{"start":{"line":8,"column":19},"end":{"line":8,"column":57}},"3":{"start":{"line":10,"column":13},"end":{"line":10,"column":38}},"4":{"start":{"line":14,"column":2},"end":{"line":16,"column":44}},"5":{"start":{"line":22,"column":27},"end":{"line":22,"column":67}},"6":{"start":{"line":24,"column":0},"end":{"line":24,"column":35}},"7":{"start":{"line":25,"column":0},"end":{"line":25,"column":46}},"8":{"start":{"line":26,"column":0},"end":{"line":26,"column":45}},"9":{"start":{"line":27,"column":0},"end":{"line":27,"column":61}},"10":{"start":{"line":28,"column":0},"end":{"line":28,"column":50}},"11":{"start":{"line":29,"column":0},"end":{"line":29,"column":19}},"12":{"start":{"line":31,"column":0},"end":{"line":36,"column":2}}},"fnMap":{"0":{"name":"getDatabaseUri","decl":{"start":{"line":13,"column":9},"end":{"line":13,"column":23}},"loc":{"start":{"line":13,"column":26},"end":{"line":17,"column":1}},"line":13}},"branchMap":{"0":{"loc":{"start":{"line":8,"column":19},"end":{"line":8,"column":57}},"type":"binary-expr","locations":[{"start":{"line":8,"column":19},"end":{"line":8,"column":41}},{"start":{"line":8,"column":45},"end":{"line":8,"column":57}}],"line":8},"1":{"loc":{"start":{"line":10,"column":13},"end":{"line":10,"column":38}},"type":"binary-expr","locations":[{"start":{"line":10,"column":13},"end":{"line":10,"column":30}},{"start":{"line":10,"column":34},"end":{"line":10,"column":38}}],"line":10},"2":{"loc":{"start":{"line":14,"column":9},"end":{"line":16,"column":43}},"type":"cond-expr","locations":[{"start":{"line":15,"column":8},"end":{"line":15,"column":20}},{"start":{"line":16,"column":8},"end":{"line":16,"column":43}}],"line":14},"3":{"loc":{"start":{"line":16,"column":8},"end":{"line":16,"column":43}},"type":"binary-expr","locations":[{"start":{"line":16,"column":8},"end":{"line":16,"column":32}},{"start":{"line":16,"column":36},"end":{"line":16,"column":43}}],"line":16},"4":{"loc":{"start":{"line":22,"column":27},"end":{"line":22,"column":67}},"type":"cond-expr","locations":[{"start":{"line":22,"column":61},"end":{"line":22,"column":62}},{"start":{"line":22,"column":65},"end":{"line":22,"column":67}}],"line":22}},"s":{"0":9,"1":9,"2":9,"3":9,"4":18,"5":9,"6":9,"7":9,"8":9,"9":9,"10":9,"11":9,"12":9},"f":{"0":18},"b":{"0":[9,8],"1":[9,8],"2":[15,3],"3":[3,1],"4":[8,1]},"_coverageSchema":"1a1c01bbd47fc00a2c39e90264f33305004495a9","hash":"727ca7506bd4441ccbbabcfdb025cbdaf4dfe3db"}
,"/home/pjackbar/Springboard/jobly/express-jobly/db.js": {"path":"/home/pjackbar/Springboard/jobly/express-jobly/db.js","statementMap":{"0":{"start":{"line":3,"column":19},"end":{"line":3,"column":32}},"1":{"start":{"line":4,"column":27},"end":{"line":4,"column":46}},"2":{"start":{"line":8,"column":0},"end":{"line":19,"column":1}},"3":{"start":{"line":9,"column":2},"end":{"line":14,"column":5}},"4":{"start":{"line":16,"column":2},"end":{"line":18,"column":5}},"5":{"start":{"line":21,"column":0},"end":{"line":21,"column":13}},"6":{"start":{"line":23,"column":0},"end":{"line":23,"column":20}}},"fnMap":{},"branchMap":{"0":{"loc":{"start":{"line":8,"column":0},"end":{"line":19,"column":1}},"type":"if","locations":[{"start":{"line":8,"column":0},"end":{"line":19,"column":1}},{"start":{"line":15,"column":7},"end":{"line":19,"column":1}}],"line":8}},"s":{"0":6,"1":6,"2":6,"3":0,"4":6,"5":6,"6":6},"f":{},"b":{"0":[0,6]},"_coverageSchema":"1a1c01bbd47fc00a2c39e90264f33305004495a9","hash":"78483ba79a3ba4c1ec10633ef9bcd6d3a79cf9eb"}
,"/home/pjackbar/Springboard/jobly/express-jobly/expressError.js": {"path":"/home/pjackbar/Springboard/jobly/express-jobly/expressError.js","statementMap":{"0":{"start":{"line":9,"column":4},"end":{"line":9,"column":12}},"1":{"start":{"line":10,"column":4},"end":{"line":10,"column":27}},"2":{"start":{"line":11,"column":4},"end":{"line":11,"column":25}},"3":{"start":{"line":19,"column":4},"end":{"line":19,"column":24}},"4":{"start":{"line":27,"column":4},"end":{"line":27,"column":24}},"5":{"start":{"line":35,"column":4},"end":{"line":35,"column":24}},"6":{"start":{"line":43,"column":4},"end":{"line":43,"column":24}},"7":{"start":{"line":47,"column":0},"end":{"line":53,"column":2}}},"fnMap":{"0":{"name":"(anonymous_0)","decl":{"start":{"line":8,"column":2},"end":{"line":8,"column":3}},"loc":{"start":{"line":8,"column":31},"end":{"line":12,"column":3}},"line":8},"1":{"name":"(anonymous_1)","decl":{"start":{"line":18,"column":2},"end":{"line":18,"column":3}},"loc":{"start":{"line":18,"column":37},"end":{"line":20,"column":3}},"line":18},"2":{"name":"(anonymous_2)","decl":{"start":{"line":26,"column":2},"end":{"line":26,"column":3}},"loc":{"start":{"line":26,"column":40},"end":{"line":28,"column":3}},"line":26},"3":{"name":"(anonymous_3)","decl":{"start":{"line":34,"column":2},"end":{"line":34,"column":3}},"loc":{"start":{"line":34,"column":39},"end":{"line":36,"column":3}},"line":34},"4":{"name":"(anonymous_4)","decl":{"start":{"line":42,"column":2},"end":{"line":42,"column":3}},"loc":{"start":{"line":42,"column":39},"end":{"line":44,"column":3}},"line":42}},"branchMap":{"0":{"loc":{"start":{"line":18,"column":14},"end":{"line":18,"column":35}},"type":"default-arg","locations":[{"start":{"line":18,"column":24},"end":{"line":18,"column":35}}],"line":18},"1":{"loc":{"start":{"line":26,"column":14},"end":{"line":26,"column":38}},"type":"default-arg","locations":[{"start":{"line":26,"column":24},"end":{"line":26,"column":38}}],"line":26},"2":{"loc":{"start":{"line":34,"column":14},"end":{"line":34,"column":37}},"type":"default-arg","locations":[{"start":{"line":34,"column":24},"end":{"line":34,"column":37}}],"line":34},"3":{"loc":{"start":{"line":42,"column":14},"end":{"line":42,"column":37}},"type":"default-arg","locations":[{"start":{"line":42,"column":24},"end":{"line":42,"column":37}}],"line":42}},"s":{"0":50,"1":50,"2":50,"3":14,"4":19,"5":17,"6":0,"7":7},"f":{"0":50,"1":14,"2":19,"3":17,"4":0},"b":{"0":[2],"1":[15],"2":[0],"3":[0]},"_coverageSchema":"1a1c01bbd47fc00a2c39e90264f33305004495a9","hash":"c4eb829ad189cf3e799ae3a017de08048970b058"}
,"/home/pjackbar/Springboard/jobly/express-jobly/helpers/sql.js": {"path":"/home/pjackbar/Springboard/jobly/express-jobly/helpers/sql.js","statementMap":{"0":{"start":{"line":1,"column":28},"end":{"line":1,"column":54}},"1":{"start":{"line":15,"column":15},"end":{"line":15,"column":40}},"2":{"start":{"line":16,"column":2},"end":{"line":16,"column":62}},"3":{"start":{"line":16,"column":25},"end":{"line":16,"column":62}},"4":{"start":{"line":19,"column":15},"end":{"line":21,"column":3}},"5":{"start":{"line":20,"column":22},"end":{"line":20,"column":68}},"6":{"start":{"line":23,"column":2},"end":{"line":26,"column":4}},"7":{"start":{"line":29,"column":0},"end":{"line":29,"column":41}}},"fnMap":{"0":{"name":"sqlForPartialUpdate","decl":{"start":{"line":14,"column":9},"end":{"line":14,"column":28}},"loc":{"start":{"line":14,"column":52},"end":{"line":27,"column":1}},"line":14},"1":{"name":"(anonymous_1)","decl":{"start":{"line":20,"column":4},"end":{"line":20,"column":5}},"loc":{"start":{"line":20,"column":22},"end":{"line":20,"column":68}},"line":20}},"branchMap":{"0":{"loc":{"start":{"line":16,"column":2},"end":{"line":16,"column":62}},"type":"if","locations":[{"start":{"line":16,"column":2},"end":{"line":16,"column":62}},{"start":{},"end":{}}],"line":16},"1":{"loc":{"start":{"line":20,"column":26},"end":{"line":20,"column":53}},"type":"binary-expr","locations":[{"start":{"line":20,"column":26},"end":{"line":20,"column":42}},{"start":{"line":20,"column":46},"end":{"line":20,"column":53}}],"line":20}},"s":{"0":6,"1":14,"2":14,"3":2,"4":12,"5":24,"6":12,"7":6},"f":{"0":14,"1":24},"b":{"0":[2,12],"1":[24,11]},"_coverageSchema":"1a1c01bbd47fc00a2c39e90264f33305004495a9","hash":"ccd69917587cf2a4197373c38c6b0c0282e3188b"}
,"/home/pjackbar/Springboard/jobly/express-jobly/helpers/tokens.js": {"path":"/home/pjackbar/Springboard/jobly/express-jobly/helpers/tokens.js","statementMap":{"0":{"start":{"line":1,"column":12},"end":{"line":1,"column":35}},"1":{"start":{"line":2,"column":23},"end":{"line":2,"column":43}},"2":{"start":{"line":7,"column":2},"end":{"line":8,"column":58}},"3":{"start":{"line":10,"column":16},"end":{"line":13,"column":3}},"4":{"start":{"line":15,"column":2},"end":{"line":15,"column":39}},"5":{"start":{"line":18,"column":0},"end":{"line":18,"column":33}}},"fnMap":{"0":{"name":"createToken","decl":{"start":{"line":6,"column":9},"end":{"line":6,"column":20}},"loc":{"start":{"line":6,"column":27},"end":{"line":16,"column":1}},"line":6}},"branchMap":{"0":{"loc":{"start":{"line":12,"column":13},"end":{"line":12,"column":34}},"type":"binary-expr","locations":[{"start":{"line":12,"column":13},"end":{"line":12,"column":25}},{"start":{"line":12,"column":29},"end":{"line":12,"column":34}}],"line":12}},"s":{"0":5,"1":5,"2":16,"3":16,"4":16,"5":5},"f":{"0":16},"b":{"0":[16,11]},"_coverageSchema":"1a1c01bbd47fc00a2c39e90264f33305004495a9","hash":"81b1d8515b89483bca3f321da9aa94685035fc53"}
,"/home/pjackbar/Springboard/jobly/express-jobly/middleware/auth.js": {"path":"/home/pjackbar/Springboard/jobly/express-jobly/middleware/auth.js","statementMap":{"0":{"start":{"line":5,"column":12},"end":{"line":5,"column":35}},"1":{"start":{"line":6,"column":23},"end":{"line":6,"column":43}},"2":{"start":{"line":7,"column":30},"end":{"line":7,"column":56}},"3":{"start":{"line":18,"column":2},"end":{"line":27,"column":3}},"4":{"start":{"line":19,"column":23},"end":{"line":19,"column":63}},"5":{"start":{"line":20,"column":4},"end":{"line":23,"column":5}},"6":{"start":{"line":21,"column":20},"end":{"line":21,"column":64}},"7":{"start":{"line":22,"column":6},"end":{"line":22,"column":54}},"8":{"start":{"line":24,"column":4},"end":{"line":24,"column":18}},"9":{"start":{"line":26,"column":4},"end":{"line":26,"column":18}},"10":{"start":{"line":36,"column":2},"end":{"line":41,"column":3}},"11":{"start":{"line":37,"column":4},"end":{"line":37,"column":56}},"12":{"start":{"line":37,"column":26},"end":{"line":37,"column":56}},"13":{"start":{"line":38,"column":4},"end":{"line":38,"column":18}},"14":{"start":{"line":40,"column":4},"end":{"line":40,"column":21}},"15":{"start":{"line":51,"column":2},"end":{"line":58,"column":3}},"16":{"start":{"line":52,"column":4},"end":{"line":54,"column":5}},"17":{"start":{"line":53,"column":6},"end":{"line":53,"column":36}},"18":{"start":{"line":55,"column":4},"end":{"line":55,"column":18}},"19":{"start":{"line":57,"column":4},"end":{"line":57,"column":21}},"20":{"start":{"line":62,"column":2},"end":{"line":70,"column":3}},"21":{"start":{"line":63,"column":17},"end":{"line":63,"column":32}},"22":{"start":{"line":64,"column":4},"end":{"line":66,"column":5}},"23":{"start":{"line":65,"column":6},"end":{"line":65,"column":36}},"24":{"start":{"line":67,"column":4},"end":{"line":67,"column":18}},"25":{"start":{"line":69,"column":4},"end":{"line":69,"column":21}},"26":{"start":{"line":73,"column":0},"end":{"line":78,"column":2}}},"fnMap":{"0":{"name":"authenticateJWT","decl":{"start":{"line":17,"column":9},"end":{"line":17,"column":24}},"loc":{"start":{"line":17,"column":41},"end":{"line":28,"column":1}},"line":17},"1":{"name":"ensureLoggedIn","decl":{"start":{"line":35,"column":9},"end":{"line":35,"column":23}},"loc":{"start":{"line":35,"column":40},"end":{"line":42,"column":1}},"line":35},"2":{"name":"ensureAdmin","decl":{"start":{"line":50,"column":9},"end":{"line":50,"column":20}},"loc":{"start":{"line":50,"column":37},"end":{"line":59,"column":1}},"line":50},"3":{"name":"ensureSelfUserOrAdmin","decl":{"start":{"line":61,"column":9},"end":{"line":61,"column":30}},"loc":{"start":{"line":61,"column":47},"end":{"line":71,"column":1}},"line":61}},"branchMap":{"0":{"loc":{"start":{"line":19,"column":23},"end":{"line":19,"column":63}},"type":"binary-expr","locations":[{"start":{"line":19,"column":23},"end":{"line":19,"column":34}},{"start":{"line":19,"column":38},"end":{"line":19,"column":63}}],"line":19},"1":{"loc":{"start":{"line":20,"column":4},"end":{"line":23,"column":5}},"type":"if","locations":[{"start":{"line":20,"column":4},"end":{"line":23,"column":5}},{"start":{},"end":{}}],"line":20},"2":{"loc":{"start":{"line":37,"column":4},"end":{"line":37,"column":56}},"type":"if","locations":[{"start":{"line":37,"column":4},"end":{"line":37,"column":56}},{"start":{},"end":{}}],"line":37},"3":{"loc":{"start":{"line":52,"column":4},"end":{"line":54,"column":5}},"type":"if","locations":[{"start":{"line":52,"column":4},"end":{"line":54,"column":5}},{"start":{},"end":{}}],"line":52},"4":{"loc":{"start":{"line":52,"column":8},"end":{"line":52,"column":52}},"type":"binary-expr","locations":[{"start":{"line":52,"column":8},"end":{"line":52,"column":24}},{"start":{"line":52,"column":28},"end":{"line":52,"column":52}}],"line":52},"5":{"loc":{"start":{"line":64,"column":4},"end":{"line":66,"column":5}},"type":"if","locations":[{"start":{"line":64,"column":4},"end":{"line":66,"column":5}},{"start":{},"end":{}}],"line":64},"6":{"loc":{"start":{"line":64,"column":10},"end":{"line":64,"column":73}},"type":"binary-expr","locations":[{"start":{"line":64,"column":10},"end":{"line":64,"column":14}},{"start":{"line":64,"column":19},"end":{"line":64,"column":31}},{"start":{"line":64,"column":35},"end":{"line":64,"column":72}}],"line":64}},"s":{"0":5,"1":5,"2":5,"3":62,"4":62,"5":62,"6":36,"7":36,"8":61,"9":1,"10":2,"11":2,"12":1,"13":1,"14":1,"15":23,"16":23,"17":8,"18":15,"19":8,"20":17,"21":17,"22":17,"23":6,"24":11,"25":6,"26":5},"f":{"0":62,"1":2,"2":23,"3":17},"b":{"0":[62,61],"1":[36,26],"2":[1,1],"3":[8,15],"4":[23,19],"5":[6,11],"6":[17,14,6]},"_coverageSchema":"1a1c01bbd47fc00a2c39e90264f33305004495a9","hash":"b59cae748720181380bd818ea78c87605bdb0130"}
,"/home/pjackbar/Springboard/jobly/express-jobly/models/_testCommon.js": {"path":"/home/pjackbar/Springboard/jobly/express-jobly/models/_testCommon.js","statementMap":{"0":{"start":{"line":1,"column":15},"end":{"line":1,"column":32}},"1":{"start":{"line":3,"column":11},"end":{"line":3,"column":30}},"2":{"start":{"line":4,"column":31},"end":{"line":4,"column":51}},"3":{"start":{"line":8,"column":2},"end":{"line":8,"column":42}},"4":{"start":{"line":10,"column":2},"end":{"line":10,"column":38}},"5":{"start":{"line":12,"column":2},"end":{"line":16,"column":55}},"6":{"start":{"line":18,"column":2},"end":{"line":30,"column":9}},"7":{"start":{"line":34,"column":2},"end":{"line":34,"column":26}},"8":{"start":{"line":38,"column":2},"end":{"line":38,"column":29}},"9":{"start":{"line":42,"column":2},"end":{"line":42,"column":17}},"10":{"start":{"line":46,"column":0},"end":{"line":51,"column":2}}},"fnMap":{"0":{"name":"commonBeforeAll","decl":{"start":{"line":6,"column":15},"end":{"line":6,"column":30}},"loc":{"start":{"line":6,"column":33},"end":{"line":31,"column":1}},"line":6},"1":{"name":"commonBeforeEach","decl":{"start":{"line":33,"column":15},"end":{"line":33,"column":31}},"loc":{"start":{"line":33,"column":34},"end":{"line":35,"column":1}},"line":33},"2":{"name":"commonAfterEach","decl":{"start":{"line":37,"column":15},"end":{"line":37,"column":30}},"loc":{"start":{"line":37,"column":33},"end":{"line":39,"column":1}},"line":37},"3":{"name":"commonAfterAll","decl":{"start":{"line":41,"column":15},"end":{"line":41,"column":29}},"loc":{"start":{"line":41,"column":32},"end":{"line":43,"column":1}},"line":41}},"branchMap":{},"s":{"0":2,"1":2,"2":2,"3":2,"4":2,"5":2,"6":2,"7":26,"8":26,"9":2,"10":2},"f":{"0":2,"1":26,"2":26,"3":2},"b":{},"_coverageSchema":"1a1c01bbd47fc00a2c39e90264f33305004495a9","hash":"949fe134e9010e38ed1065b8c88f7f33a1217ae4"}
,"/home/pjackbar/Springboard/jobly/express-jobly/models/company.js": {"path":"/home/pjackbar/Springboard/jobly/express-jobly/models/company.js","statementMap":{"0":{"start":{"line":3,"column":18},"end":{"line":3,"column":36}},"1":{"start":{"line":4,"column":11},"end":{"line":4,"column":27}},"2":{"start":{"line":5,"column":43},"end":{"line":5,"column":69}},"3":{"start":{"line":6,"column":32},"end":{"line":6,"column":57}},"4":{"start":{"line":21,"column":27},"end":{"line":26,"column":5}},"5":{"start":{"line":28,"column":4},"end":{"line":29,"column":64}},"6":{"start":{"line":29,"column":6},"end":{"line":29,"column":64}},"7":{"start":{"line":31,"column":19},"end":{"line":37,"column":5}},"8":{"start":{"line":38,"column":20},"end":{"line":38,"column":34}},"9":{"start":{"line":40,"column":4},"end":{"line":40,"column":19}},"10":{"start":{"line":50,"column":19},"end":{"line":55,"column":26}},"11":{"start":{"line":58,"column":22},"end":{"line":58,"column":24}},"12":{"start":{"line":59,"column":23},"end":{"line":59,"column":25}},"13":{"start":{"line":62,"column":49},"end":{"line":62,"column":62}},"14":{"start":{"line":66,"column":4},"end":{"line":71,"column":5}},"15":{"start":{"line":67,"column":6},"end":{"line":67,"column":27}},"16":{"start":{"line":68,"column":6},"end":{"line":70,"column":8}},"17":{"start":{"line":75,"column":4},"end":{"line":78,"column":5}},"18":{"start":{"line":76,"column":6},"end":{"line":76,"column":38}},"19":{"start":{"line":77,"column":6},"end":{"line":77,"column":67}},"20":{"start":{"line":80,"column":4},"end":{"line":83,"column":5}},"21":{"start":{"line":81,"column":6},"end":{"line":81,"column":38}},"22":{"start":{"line":82,"column":6},"end":{"line":82,"column":67}},"23":{"start":{"line":85,"column":4},"end":{"line":88,"column":5}},"24":{"start":{"line":86,"column":6},"end":{"line":86,"column":36}},"25":{"start":{"line":87,"column":6},"end":{"line":87,"column":61}},"26":{"start":{"line":93,"column":4},"end":{"line":95,"column":5}},"27":{"start":{"line":94,"column":6},"end":{"line":94,"column":56}},"28":{"start":{"line":98,"column":4},"end":{"line":98,"column":33}},"29":{"start":{"line":102,"column":25},"end":{"line":102,"column":63}},"30":{"start":{"line":104,"column":4},"end":{"line":104,"column":29}},"31":{"start":{"line":116,"column":23},"end":{"line":125,"column":5}},"32":{"start":{"line":127,"column":20},"end":{"line":127,"column":38}},"33":{"start":{"line":129,"column":4},"end":{"line":129,"column":67}},"34":{"start":{"line":129,"column":18},"end":{"line":129,"column":67}},"35":{"start":{"line":131,"column":4},"end":{"line":131,"column":19}},"36":{"start":{"line":147,"column":32},"end":{"line":150,"column":6}},"37":{"start":{"line":151,"column":25},"end":{"line":151,"column":50}},"38":{"start":{"line":153,"column":21},"end":{"line":160,"column":54}},"39":{"start":{"line":161,"column":19},"end":{"line":161,"column":64}},"40":{"start":{"line":162,"column":20},"end":{"line":162,"column":34}},"41":{"start":{"line":164,"column":4},"end":{"line":164,"column":67}},"42":{"start":{"line":164,"column":18},"end":{"line":164,"column":67}},"43":{"start":{"line":166,"column":4},"end":{"line":166,"column":19}},"44":{"start":{"line":175,"column":19},"end":{"line":181,"column":5}},"45":{"start":{"line":182,"column":20},"end":{"line":182,"column":34}},"46":{"start":{"line":184,"column":4},"end":{"line":184,"column":67}},"47":{"start":{"line":184,"column":18},"end":{"line":184,"column":67}},"48":{"start":{"line":188,"column":0},"end":{"line":188,"column":25}}},"fnMap":{"0":{"name":"(anonymous_0)","decl":{"start":{"line":20,"column":2},"end":{"line":20,"column":3}},"loc":{"start":{"line":20,"column":76},"end":{"line":41,"column":3}},"line":20},"1":{"name":"(anonymous_1)","decl":{"start":{"line":48,"column":2},"end":{"line":48,"column":3}},"loc":{"start":{"line":48,"column":43},"end":{"line":105,"column":3}},"line":48},"2":{"name":"(anonymous_2)","decl":{"start":{"line":115,"column":2},"end":{"line":115,"column":3}},"loc":{"start":{"line":115,"column":27},"end":{"line":132,"column":3}},"line":115},"3":{"name":"(anonymous_3)","decl":{"start":{"line":146,"column":2},"end":{"line":146,"column":3}},"loc":{"start":{"line":146,"column":36},"end":{"line":167,"column":3}},"line":146},"4":{"name":"(anonymous_4)","decl":{"start":{"line":174,"column":2},"end":{"line":174,"column":3}},"loc":{"start":{"line":174,"column":30},"end":{"line":185,"column":3}},"line":174}},"branchMap":{"0":{"loc":{"start":{"line":28,"column":4},"end":{"line":29,"column":64}},"type":"if","locations":[{"start":{"line":28,"column":4},"end":{"line":29,"column":64}},{"start":{},"end":{}}],"line":28},"1":{"loc":{"start":{"line":48,"column":23},"end":{"line":48,"column":41}},"type":"default-arg","locations":[{"start":{"line":48,"column":39},"end":{"line":48,"column":41}}],"line":48},"2":{"loc":{"start":{"line":66,"column":4},"end":{"line":71,"column":5}},"type":"if","locations":[{"start":{"line":66,"column":4},"end":{"line":71,"column":5}},{"start":{},"end":{}}],"line":66},"3":{"loc":{"start":{"line":75,"column":4},"end":{"line":78,"column":5}},"type":"if","locations":[{"start":{"line":75,"column":4},"end":{"line":78,"column":5}},{"start":{},"end":{}}],"line":75},"4":{"loc":{"start":{"line":80,"column":4},"end":{"line":83,"column":5}},"type":"if","locations":[{"start":{"line":80,"column":4},"end":{"line":83,"column":5}},{"start":{},"end":{}}],"line":80},"5":{"loc":{"start":{"line":85,"column":4},"end":{"line":88,"column":5}},"type":"if","locations":[{"start":{"line":85,"column":4},"end":{"line":88,"column":5}},{"start":{},"end":{}}],"line":85},"6":{"loc":{"start":{"line":93,"column":4},"end":{"line":95,"column":5}},"type":"if","locations":[{"start":{"line":93,"column":4},"end":{"line":95,"column":5}},{"start":{},"end":{}}],"line":93},"7":{"loc":{"start":{"line":129,"column":4},"end":{"line":129,"column":67}},"type":"if","locations":[{"start":{"line":129,"column":4},"end":{"line":129,"column":67}},{"start":{},"end":{}}],"line":129},"8":{"loc":{"start":{"line":164,"column":4},"end":{"line":164,"column":67}},"type":"if","locations":[{"start":{"line":164,"column":4},"end":{"line":164,"column":67}},{"start":{},"end":{}}],"line":164},"9":{"loc":{"start":{"line":184,"column":4},"end":{"line":184,"column":67}},"type":"if","locations":[{"start":{"line":184,"column":4},"end":{"line":184,"column":67}},{"start":{},"end":{}}],"line":184}},"s":{"0":5,"1":5,"2":5,"3":5,"4":13,"5":13,"6":1,"7":12,"8":12,"9":12,"10":6,"11":6,"12":6,"13":6,"14":6,"15":1,"16":1,"17":5,"18":1,"19":1,"20":5,"21":2,"22":2,"23":5,"24":1,"25":1,"26":5,"27":2,"28":5,"29":5,"30":4,"31":5,"32":5,"33":5,"34":2,"35":3,"36":6,"37":5,"38":5,"39":5,"40":5,"41":5,"42":2,"43":3,"44":4,"45":4,"46":4,"47":2,"48":5},"f":{"0":13,"1":6,"2":5,"3":6,"4":4},"b":{"0":[1,12],"1":[1],"2":[1,5],"3":[1,4],"4":[2,3],"5":[1,4],"6":[2,3],"7":[2,3],"8":[2,3],"9":[2,2]},"_coverageSchema":"1a1c01bbd47fc00a2c39e90264f33305004495a9","hash":"3da2a13a8e6a95fdbedc70c34f43f306b41a2d2c"}
,"/home/pjackbar/Springboard/jobly/express-jobly/models/user.js": {"path":"/home/pjackbar/Springboard/jobly/express-jobly/models/user.js","statementMap":{"0":{"start":{"line":3,"column":11},"end":{"line":3,"column":27}},"1":{"start":{"line":4,"column":15},"end":{"line":4,"column":32}},"2":{"start":{"line":5,"column":32},"end":{"line":5,"column":57}},"3":{"start":{"line":10,"column":4},"end":{"line":10,"column":30}},"4":{"start":{"line":12,"column":31},"end":{"line":12,"column":54}},"5":{"start":{"line":26,"column":19},"end":{"line":36,"column":5}},"6":{"start":{"line":38,"column":17},"end":{"line":38,"column":31}},"7":{"start":{"line":40,"column":4},"end":{"line":47,"column":5}},"8":{"start":{"line":42,"column":22},"end":{"line":42,"column":67}},"9":{"start":{"line":43,"column":6},"end":{"line":46,"column":7}},"10":{"start":{"line":44,"column":8},"end":{"line":44,"column":29}},"11":{"start":{"line":45,"column":8},"end":{"line":45,"column":20}},"12":{"start":{"line":49,"column":4},"end":{"line":49,"column":61}},"13":{"start":{"line":61,"column":27},"end":{"line":66,"column":5}},"14":{"start":{"line":68,"column":4},"end":{"line":70,"column":5}},"15":{"start":{"line":69,"column":6},"end":{"line":69,"column":67}},"16":{"start":{"line":72,"column":27},"end":{"line":72,"column":74}},"17":{"start":{"line":74,"column":19},"end":{"line":92,"column":5}},"18":{"start":{"line":94,"column":17},"end":{"line":94,"column":31}},"19":{"start":{"line":96,"column":4},"end":{"line":96,"column":16}},"20":{"start":{"line":105,"column":19},"end":{"line":113,"column":5}},"21":{"start":{"line":115,"column":4},"end":{"line":115,"column":23}},"22":{"start":{"line":127,"column":20},"end":{"line":136,"column":5}},"23":{"start":{"line":138,"column":17},"end":{"line":138,"column":32}},"24":{"start":{"line":140,"column":4},"end":{"line":140,"column":63}},"25":{"start":{"line":140,"column":15},"end":{"line":140,"column":63}},"26":{"start":{"line":142,"column":4},"end":{"line":142,"column":16}},"27":{"start":{"line":163,"column":4},"end":{"line":165,"column":5}},"28":{"start":{"line":164,"column":6},"end":{"line":164,"column":75}},"29":{"start":{"line":167,"column":32},"end":{"line":173,"column":10}},"30":{"start":{"line":174,"column":27},"end":{"line":174,"column":52}},"31":{"start":{"line":176,"column":21},"end":{"line":183,"column":54}},"32":{"start":{"line":184,"column":19},"end":{"line":184,"column":66}},"33":{"start":{"line":185,"column":17},"end":{"line":185,"column":31}},"34":{"start":{"line":187,"column":4},"end":{"line":187,"column":63}},"35":{"start":{"line":187,"column":15},"end":{"line":187,"column":63}},"36":{"start":{"line":189,"column":4},"end":{"line":189,"column":25}},"37":{"start":{"line":190,"column":4},"end":{"line":190,"column":16}},"38":{"start":{"line":196,"column":17},"end":{"line":202,"column":5}},"39":{"start":{"line":203,"column":17},"end":{"line":203,"column":31}},"40":{"start":{"line":205,"column":4},"end":{"line":205,"column":63}},"41":{"start":{"line":205,"column":15},"end":{"line":205,"column":63}},"42":{"start":{"line":210,"column":0},"end":{"line":210,"column":22}}},"fnMap":{"0":{"name":"(anonymous_0)","decl":{"start":{"line":24,"column":2},"end":{"line":24,"column":3}},"loc":{"start":{"line":24,"column":48},"end":{"line":50,"column":3}},"line":24},"1":{"name":"(anonymous_1)","decl":{"start":{"line":59,"column":2},"end":{"line":59,"column":3}},"loc":{"start":{"line":60,"column":67},"end":{"line":97,"column":3}},"line":60},"2":{"name":"(anonymous_2)","decl":{"start":{"line":104,"column":2},"end":{"line":104,"column":3}},"loc":{"start":{"line":104,"column":25},"end":{"line":116,"column":3}},"line":104},"3":{"name":"(anonymous_3)","decl":{"start":{"line":126,"column":2},"end":{"line":126,"column":3}},"loc":{"start":{"line":126,"column":29},"end":{"line":143,"column":3}},"line":126},"4":{"name":"(anonymous_4)","decl":{"start":{"line":162,"column":2},"end":{"line":162,"column":3}},"loc":{"start":{"line":162,"column":38},"end":{"line":191,"column":3}},"line":162},"5":{"name":"(anonymous_5)","decl":{"start":{"line":195,"column":2},"end":{"line":195,"column":3}},"loc":{"start":{"line":195,"column":32},"end":{"line":206,"column":3}},"line":195}},"branchMap":{"0":{"loc":{"start":{"line":40,"column":4},"end":{"line":47,"column":5}},"type":"if","locations":[{"start":{"line":40,"column":4},"end":{"line":47,"column":5}},{"start":{},"end":{}}],"line":40},"1":{"loc":{"start":{"line":43,"column":6},"end":{"line":46,"column":7}},"type":"if","locations":[{"start":{"line":43,"column":6},"end":{"line":46,"column":7}},{"start":{},"end":{}}],"line":43},"2":{"loc":{"start":{"line":68,"column":4},"end":{"line":70,"column":5}},"type":"if","locations":[{"start":{"line":68,"column":4},"end":{"line":70,"column":5}},{"start":{},"end":{}}],"line":68},"3":{"loc":{"start":{"line":140,"column":4},"end":{"line":140,"column":63}},"type":"if","locations":[{"start":{"line":140,"column":4},"end":{"line":140,"column":63}},{"start":{},"end":{}}],"line":140},"4":{"loc":{"start":{"line":163,"column":4},"end":{"line":165,"column":5}},"type":"if","locations":[{"start":{"line":163,"column":4},"end":{"line":165,"column":5}},{"start":{},"end":{}}],"line":163},"5":{"loc":{"start":{"line":187,"column":4},"end":{"line":187,"column":63}},"type":"if","locations":[{"start":{"line":187,"column":4},"end":{"line":187,"column":63}},{"start":{},"end":{}}],"line":187},"6":{"loc":{"start":{"line":205,"column":4},"end":{"line":205,"column":63}},"type":"if","locations":[{"start":{"line":205,"column":4},"end":{"line":205,"column":63}},{"start":{},"end":{}}],"line":205}},"s":{"0":5,"1":5,"2":5,"3":5,"4":5,"5":7,"6":7,"7":7,"8":4,"9":4,"10":3,"11":3,"12":4,"13":16,"14":16,"15":1,"16":15,"17":15,"18":15,"19":15,"20":3,"21":2,"22":5,"23":5,"24":5,"25":2,"26":3,"27":8,"28":2,"29":8,"30":7,"31":7,"32":7,"33":7,"34":7,"35":2,"36":5,"37":5,"38":5,"39":5,"40":5,"41":2,"42":5},"f":{"0":7,"1":16,"2":3,"3":5,"4":8,"5":5},"b":{"0":[4,3],"1":[3,1],"2":[1,15],"3":[2,3],"4":[2,6],"5":[2,5],"6":[2,3]},"_coverageSchema":"1a1c01bbd47fc00a2c39e90264f33305004495a9","hash":"0e847739ac3e52aa7f65567bc5fe9d224ed698e6"}
,"/home/pjackbar/Springboard/jobly/express-jobly/routes/_testCommon.js": {"path":"/home/pjackbar/Springboard/jobly/express-jobly/routes/_testCommon.js","statementMap":{"0":{"start":{"line":3,"column":11},"end":{"line":3,"column":30}},"1":{"start":{"line":4,"column":13},"end":{"line":4,"column":38}},"2":{"start":{"line":5,"column":16},"end":{"line":5,"column":44}},"3":{"start":{"line":6,"column":24},"end":{"line":6,"column":52}},"4":{"start":{"line":10,"column":2},"end":{"line":10,"column":38}},"5":{"start":{"line":12,"column":2},"end":{"line":12,"column":42}},"6":{"start":{"line":14,"column":2},"end":{"line":20,"column":5}},"7":{"start":{"line":21,"column":2},"end":{"line":27,"column":5}},"8":{"start":{"line":28,"column":2},"end":{"line":34,"column":5}},"9":{"start":{"line":36,"column":2},"end":{"line":43,"column":5}},"10":{"start":{"line":44,"column":2},"end":{"line":51,"column":5}},"11":{"start":{"line":52,"column":2},"end":{"line":59,"column":5}},"12":{"start":{"line":63,"column":2},"end":{"line":63,"column":26}},"13":{"start":{"line":67,"column":2},"end":{"line":67,"column":29}},"14":{"start":{"line":71,"column":2},"end":{"line":71,"column":17}},"15":{"start":{"line":74,"column":16},"end":{"line":74,"column":63}},"16":{"start":{"line":75,"column":16},"end":{"line":75,"column":62}},"17":{"start":{"line":76,"column":16},"end":{"line":76,"column":63}},"18":{"start":{"line":78,"column":0},"end":{"line":86,"column":2}}},"fnMap":{"0":{"name":"commonBeforeAll","decl":{"start":{"line":8,"column":15},"end":{"line":8,"column":30}},"loc":{"start":{"line":8,"column":33},"end":{"line":60,"column":1}},"line":8},"1":{"name":"commonBeforeEach","decl":{"start":{"line":62,"column":15},"end":{"line":62,"column":31}},"loc":{"start":{"line":62,"column":34},"end":{"line":64,"column":1}},"line":62},"2":{"name":"commonAfterEach","decl":{"start":{"line":66,"column":15},"end":{"line":66,"column":30}},"loc":{"start":{"line":66,"column":33},"end":{"line":68,"column":1}},"line":66},"3":{"name":"commonAfterAll","decl":{"start":{"line":70,"column":15},"end":{"line":70,"column":29}},"loc":{"start":{"line":70,"column":32},"end":{"line":72,"column":1}},"line":70}},"branchMap":{},"s":{"0":3,"1":3,"2":3,"3":3,"4":3,"5":3,"6":3,"7":3,"8":3,"9":3,"10":3,"11":3,"12":57,"13":57,"14":3,"15":3,"16":3,"17":3,"18":3},"f":{"0":3,"1":57,"2":57,"3":3},"b":{},"_coverageSchema":"1a1c01bbd47fc00a2c39e90264f33305004495a9","hash":"9b8b422a5a6e222ca4f57aa34ae1485d7eb8c30c"}
,"/home/pjackbar/Springboard/jobly/express-jobly/routes/auth.js": {"path":"/home/pjackbar/Springboard/jobly/express-jobly/routes/auth.js","statementMap":{"0":{"start":{"line":5,"column":19},"end":{"line":5,"column":40}},"1":{"start":{"line":7,"column":13},"end":{"line":7,"column":38}},"2":{"start":{"line":8,"column":16},"end":{"line":8,"column":34}},"3":{"start":{"line":9,"column":15},"end":{"line":9,"column":35}},"4":{"start":{"line":10,"column":24},"end":{"line":10,"column":52}},"5":{"start":{"line":11,"column":23},"end":{"line":11,"column":58}},"6":{"start":{"line":12,"column":27},"end":{"line":12,"column":66}},"7":{"start":{"line":13,"column":28},"end":{"line":13,"column":54}},"8":{"start":{"line":22,"column":0},"end":{"line":37,"column":3}},"9":{"start":{"line":23,"column":2},"end":{"line":36,"column":3}},"10":{"start":{"line":24,"column":22},"end":{"line":24,"column":67}},"11":{"start":{"line":25,"column":4},"end":{"line":28,"column":5}},"12":{"start":{"line":26,"column":19},"end":{"line":26,"column":53}},"13":{"start":{"line":26,"column":45},"end":{"line":26,"column":52}},"14":{"start":{"line":27,"column":6},"end":{"line":27,"column":38}},"15":{"start":{"line":30,"column":35},"end":{"line":30,"column":43}},"16":{"start":{"line":31,"column":17},"end":{"line":31,"column":60}},"17":{"start":{"line":32,"column":18},"end":{"line":32,"column":35}},"18":{"start":{"line":33,"column":4},"end":{"line":33,"column":31}},"19":{"start":{"line":35,"column":4},"end":{"line":35,"column":21}},"20":{"start":{"line":49,"column":0},"end":{"line":63,"column":3}},"21":{"start":{"line":50,"column":2},"end":{"line":62,"column":3}},"22":{"start":{"line":51,"column":22},"end":{"line":51,"column":71}},"23":{"start":{"line":52,"column":4},"end":{"line":55,"column":5}},"24":{"start":{"line":53,"column":19},"end":{"line":53,"column":53}},"25":{"start":{"line":53,"column":45},"end":{"line":53,"column":52}},"26":{"start":{"line":54,"column":6},"end":{"line":54,"column":38}},"27":{"start":{"line":57,"column":20},"end":{"line":57,"column":72}},"28":{"start":{"line":58,"column":18},"end":{"line":58,"column":38}},"29":{"start":{"line":59,"column":4},"end":{"line":59,"column":43}},"30":{"start":{"line":61,"column":4},"end":{"line":61,"column":21}},"31":{"start":{"line":66,"column":0},"end":{"line":66,"column":24}}},"fnMap":{"0":{"name":"(anonymous_0)","decl":{"start":{"line":22,"column":22},"end":{"line":22,"column":23}},"loc":{"start":{"line":22,"column":54},"end":{"line":37,"column":1}},"line":22},"1":{"name":"(anonymous_1)","decl":{"start":{"line":26,"column":40},"end":{"line":26,"column":41}},"loc":{"start":{"line":26,"column":45},"end":{"line":26,"column":52}},"line":26},"2":{"name":"(anonymous_2)","decl":{"start":{"line":49,"column":25},"end":{"line":49,"column":26}},"loc":{"start":{"line":49,"column":57},"end":{"line":63,"column":1}},"line":49},"3":{"name":"(anonymous_3)","decl":{"start":{"line":53,"column":40},"end":{"line":53,"column":41}},"loc":{"start":{"line":53,"column":45},"end":{"line":53,"column":52}},"line":53}},"branchMap":{"0":{"loc":{"start":{"line":25,"column":4},"end":{"line":28,"column":5}},"type":"if","locations":[{"start":{"line":25,"column":4},"end":{"line":28,"column":5}},{"start":{},"end":{}}],"line":25},"1":{"loc":{"start":{"line":52,"column":4},"end":{"line":55,"column":5}},"type":"if","locations":[{"start":{"line":52,"column":4},"end":{"line":55,"column":5}},{"start":{},"end":{}}],"line":52}},"s":{"0":4,"1":4,"2":4,"3":4,"4":4,"5":4,"6":4,"7":4,"8":4,"9":5,"10":5,"11":5,"12":2,"13":2,"14":2,"15":3,"16":3,"17":1,"18":1,"19":4,"20":4,"21":3,"22":3,"23":3,"24":2,"25":5,"26":2,"27":1,"28":1,"29":1,"30":2,"31":4},"f":{"0":5,"1":2,"2":3,"3":5},"b":{"0":[2,3],"1":[2,1]},"_coverageSchema":"1a1c01bbd47fc00a2c39e90264f33305004495a9","hash":"2ef352b4ee1c1e0426b803d02aef260196478413"}
,"/home/pjackbar/Springboard/jobly/express-jobly/routes/companies.js": {"path":"/home/pjackbar/Springboard/jobly/express-jobly/routes/companies.js","statementMap":{"0":{"start":{"line":5,"column":19},"end":{"line":5,"column":40}},"1":{"start":{"line":6,"column":16},"end":{"line":6,"column":34}},"2":{"start":{"line":8,"column":28},"end":{"line":8,"column":54}},"3":{"start":{"line":9,"column":24},"end":{"line":9,"column":53}},"4":{"start":{"line":10,"column":16},"end":{"line":10,"column":44}},"5":{"start":{"line":12,"column":25},"end":{"line":12,"column":62}},"6":{"start":{"line":13,"column":28},"end":{"line":13,"column":68}},"7":{"start":{"line":14,"column":28},"end":{"line":14,"column":68}},"8":{"start":{"line":16,"column":15},"end":{"line":16,"column":35}},"9":{"start":{"line":27,"column":0},"end":{"line":40,"column":3}},"10":{"start":{"line":28,"column":2},"end":{"line":39,"column":3}},"11":{"start":{"line":29,"column":22},"end":{"line":29,"column":69}},"12":{"start":{"line":30,"column":4},"end":{"line":33,"column":5}},"13":{"start":{"line":31,"column":19},"end":{"line":31,"column":55}},"14":{"start":{"line":31,"column":47},"end":{"line":31,"column":54}},"15":{"start":{"line":32,"column":6},"end":{"line":32,"column":38}},"16":{"start":{"line":35,"column":20},"end":{"line":35,"column":50}},"17":{"start":{"line":36,"column":4},"end":{"line":36,"column":45}},"18":{"start":{"line":38,"column":4},"end":{"line":38,"column":21}},"19":{"start":{"line":53,"column":0},"end":{"line":78,"column":3}},"20":{"start":{"line":55,"column":16},"end":{"line":55,"column":25}},"21":{"start":{"line":57,"column":2},"end":{"line":57,"column":23}},"22":{"start":{"line":60,"column":2},"end":{"line":62,"column":3}},"23":{"start":{"line":61,"column":4},"end":{"line":61,"column":58}},"24":{"start":{"line":63,"column":2},"end":{"line":65,"column":3}},"25":{"start":{"line":64,"column":4},"end":{"line":64,"column":58}},"26":{"start":{"line":67,"column":2},"end":{"line":77,"column":3}},"27":{"start":{"line":68,"column":22},"end":{"line":68,"column":71}},"28":{"start":{"line":69,"column":4},"end":{"line":72,"column":5}},"29":{"start":{"line":70,"column":19},"end":{"line":70,"column":55}},"30":{"start":{"line":70,"column":47},"end":{"line":70,"column":54}},"31":{"start":{"line":71,"column":6},"end":{"line":71,"column":38}},"32":{"start":{"line":73,"column":22},"end":{"line":73,"column":52}},"33":{"start":{"line":74,"column":4},"end":{"line":74,"column":35}},"34":{"start":{"line":76,"column":4},"end":{"line":76,"column":21}},"35":{"start":{"line":88,"column":0},"end":{"line":95,"column":3}},"36":{"start":{"line":89,"column":2},"end":{"line":94,"column":3}},"37":{"start":{"line":90,"column":20},"end":{"line":90,"column":56}},"38":{"start":{"line":91,"column":4},"end":{"line":91,"column":33}},"39":{"start":{"line":93,"column":4},"end":{"line":93,"column":21}},"40":{"start":{"line":108,"column":0},"end":{"line":121,"column":3}},"41":{"start":{"line":109,"column":2},"end":{"line":120,"column":3}},"42":{"start":{"line":110,"column":22},"end":{"line":110,"column":72}},"43":{"start":{"line":111,"column":4},"end":{"line":114,"column":5}},"44":{"start":{"line":112,"column":19},"end":{"line":112,"column":55}},"45":{"start":{"line":112,"column":47},"end":{"line":112,"column":54}},"46":{"start":{"line":113,"column":6},"end":{"line":113,"column":38}},"47":{"start":{"line":116,"column":20},"end":{"line":116,"column":69}},"48":{"start":{"line":117,"column":4},"end":{"line":117,"column":33}},"49":{"start":{"line":119,"column":4},"end":{"line":119,"column":21}},"50":{"start":{"line":128,"column":0},"end":{"line":135,"column":3}},"51":{"start":{"line":129,"column":2},"end":{"line":134,"column":3}},"52":{"start":{"line":130,"column":4},"end":{"line":130,"column":44}},"53":{"start":{"line":131,"column":4},"end":{"line":131,"column":52}},"54":{"start":{"line":133,"column":4},"end":{"line":133,"column":21}},"55":{"start":{"line":137,"column":0},"end":{"line":137,"column":24}}},"fnMap":{"0":{"name":"(anonymous_0)","decl":{"start":{"line":27,"column":30},"end":{"line":27,"column":31}},"loc":{"start":{"line":27,"column":62},"end":{"line":40,"column":1}},"line":27},"1":{"name":"(anonymous_1)","decl":{"start":{"line":31,"column":40},"end":{"line":31,"column":41}},"loc":{"start":{"line":31,"column":47},"end":{"line":31,"column":54}},"line":31},"2":{"name":"(anonymous_2)","decl":{"start":{"line":53,"column":16},"end":{"line":53,"column":17}},"loc":{"start":{"line":53,"column":48},"end":{"line":78,"column":1}},"line":53},"3":{"name":"(anonymous_3)","decl":{"start":{"line":70,"column":40},"end":{"line":70,"column":41}},"loc":{"start":{"line":70,"column":47},"end":{"line":70,"column":54}},"line":70},"4":{"name":"(anonymous_4)","decl":{"start":{"line":88,"column":23},"end":{"line":88,"column":24}},"loc":{"start":{"line":88,"column":55},"end":{"line":95,"column":1}},"line":88},"5":{"name":"(anonymous_5)","decl":{"start":{"line":108,"column":38},"end":{"line":108,"column":39}},"loc":{"start":{"line":108,"column":70},"end":{"line":121,"column":1}},"line":108},"6":{"name":"(anonymous_6)","decl":{"start":{"line":112,"column":40},"end":{"line":112,"column":41}},"loc":{"start":{"line":112,"column":47},"end":{"line":112,"column":54}},"line":112},"7":{"name":"(anonymous_7)","decl":{"start":{"line":128,"column":39},"end":{"line":128,"column":40}},"loc":{"start":{"line":128,"column":71},"end":{"line":135,"column":1}},"line":128}},"branchMap":{"0":{"loc":{"start":{"line":30,"column":4},"end":{"line":33,"column":5}},"type":"if","locations":[{"start":{"line":30,"column":4},"end":{"line":33,"column":5}},{"start":{},"end":{}}],"line":30},"1":{"loc":{"start":{"line":60,"column":2},"end":{"line":62,"column":3}},"type":"if","locations":[{"start":{"line":60,"column":2},"end":{"line":62,"column":3}},{"start":{},"end":{}}],"line":60},"2":{"loc":{"start":{"line":63,"column":2},"end":{"line":65,"column":3}},"type":"if","locations":[{"start":{"line":63,"column":2},"end":{"line":65,"column":3}},{"start":{},"end":{}}],"line":63},"3":{"loc":{"start":{"line":69,"column":4},"end":{"line":72,"column":5}},"type":"if","locations":[{"start":{"line":69,"column":4},"end":{"line":72,"column":5}},{"start":{},"end":{}}],"line":69},"4":{"loc":{"start":{"line":111,"column":4},"end":{"line":114,"column":5}},"type":"if","locations":[{"start":{"line":111,"column":4},"end":{"line":114,"column":5}},{"start":{},"end":{}}],"line":111}},"s":{"0":4,"1":4,"2":4,"3":4,"4":4,"5":4,"6":4,"7":4,"8":4,"9":4,"10":3,"11":3,"12":3,"13":2,"14":3,"15":2,"16":1,"17":1,"18":2,"19":4,"20":6,"21":6,"22":6,"23":3,"24":6,"25":3,"26":6,"27":6,"28":6,"29":1,"30":1,"31":1,"32":5,"33":3,"34":3,"35":4,"36":3,"37":3,"38":2,"39":1,"40":4,"41":4,"42":4,"43":4,"44":2,"45":2,"46":2,"47":2,"48":1,"49":3,"50":4,"51":2,"52":2,"53":1,"54":1,"55":4},"f":{"0":3,"1":3,"2":6,"3":1,"4":3,"5":4,"6":2,"7":2},"b":{"0":[2,1],"1":[3,3],"2":[3,3],"3":[1,5],"4":[2,2]},"_coverageSchema":"1a1c01bbd47fc00a2c39e90264f33305004495a9","hash":"ef36bf069536161cd645e8dc38539fb3ed9d0aed"}
,"/home/pjackbar/Springboard/jobly/express-jobly/routes/users.js": {"path":"/home/pjackbar/Springboard/jobly/express-jobly/routes/users.js","statementMap":{"0":{"start":{"line":5,"column":19},"end":{"line":5,"column":40}},"1":{"start":{"line":7,"column":16},"end":{"line":7,"column":34}},"2":{"start":{"line":8,"column":47},"end":{"line":8,"column":76}},"3":{"start":{"line":9,"column":28},"end":{"line":9,"column":54}},"4":{"start":{"line":10,"column":13},"end":{"line":10,"column":38}},"5":{"start":{"line":11,"column":24},"end":{"line":11,"column":52}},"6":{"start":{"line":12,"column":22},"end":{"line":12,"column":56}},"7":{"start":{"line":13,"column":25},"end":{"line":13,"column":62}},"8":{"start":{"line":15,"column":15},"end":{"line":15,"column":31}},"9":{"start":{"line":29,"column":0},"end":{"line":43,"column":3}},"10":{"start":{"line":30,"column":2},"end":{"line":42,"column":3}},"11":{"start":{"line":31,"column":22},"end":{"line":31,"column":66}},"12":{"start":{"line":32,"column":4},"end":{"line":35,"column":5}},"13":{"start":{"line":33,"column":19},"end":{"line":33,"column":55}},"14":{"start":{"line":33,"column":47},"end":{"line":33,"column":54}},"15":{"start":{"line":34,"column":6},"end":{"line":34,"column":38}},"16":{"start":{"line":37,"column":17},"end":{"line":37,"column":46}},"17":{"start":{"line":38,"column":18},"end":{"line":38,"column":35}},"18":{"start":{"line":39,"column":4},"end":{"line":39,"column":49}},"19":{"start":{"line":41,"column":4},"end":{"line":41,"column":21}},"20":{"start":{"line":52,"column":0},"end":{"line":59,"column":3}},"21":{"start":{"line":53,"column":2},"end":{"line":58,"column":3}},"22":{"start":{"line":54,"column":18},"end":{"line":54,"column":38}},"23":{"start":{"line":55,"column":4},"end":{"line":55,"column":31}},"24":{"start":{"line":57,"column":4},"end":{"line":57,"column":21}},"25":{"start":{"line":68,"column":0},"end":{"line":79,"column":2}},"26":{"start":{"line":72,"column":4},"end":{"line":77,"column":5}},"27":{"start":{"line":73,"column":19},"end":{"line":73,"column":54}},"28":{"start":{"line":74,"column":6},"end":{"line":74,"column":32}},"29":{"start":{"line":76,"column":6},"end":{"line":76,"column":23}},"30":{"start":{"line":91,"column":0},"end":{"line":108,"column":2}},"31":{"start":{"line":95,"column":4},"end":{"line":106,"column":5}},"32":{"start":{"line":96,"column":24},"end":{"line":96,"column":71}},"33":{"start":{"line":97,"column":6},"end":{"line":100,"column":7}},"34":{"start":{"line":98,"column":21},"end":{"line":98,"column":57}},"35":{"start":{"line":98,"column":49},"end":{"line":98,"column":56}},"36":{"start":{"line":99,"column":8},"end":{"line":99,"column":40}},"37":{"start":{"line":102,"column":19},"end":{"line":102,"column":67}},"38":{"start":{"line":103,"column":6},"end":{"line":103,"column":32}},"39":{"start":{"line":105,"column":6},"end":{"line":105,"column":23}},"40":{"start":{"line":115,"column":0},"end":{"line":126,"column":2}},"41":{"start":{"line":119,"column":4},"end":{"line":124,"column":5}},"42":{"start":{"line":120,"column":6},"end":{"line":120,"column":45}},"43":{"start":{"line":121,"column":6},"end":{"line":121,"column":56}},"44":{"start":{"line":123,"column":6},"end":{"line":123,"column":23}},"45":{"start":{"line":128,"column":0},"end":{"line":128,"column":24}}},"fnMap":{"0":{"name":"(anonymous_0)","decl":{"start":{"line":29,"column":30},"end":{"line":29,"column":31}},"loc":{"start":{"line":29,"column":62},"end":{"line":43,"column":1}},"line":29},"1":{"name":"(anonymous_1)","decl":{"start":{"line":33,"column":40},"end":{"line":33,"column":41}},"loc":{"start":{"line":33,"column":47},"end":{"line":33,"column":54}},"line":33},"2":{"name":"(anonymous_2)","decl":{"start":{"line":52,"column":29},"end":{"line":52,"column":30}},"loc":{"start":{"line":52,"column":61},"end":{"line":59,"column":1}},"line":52},"3":{"name":"(anonymous_3)","decl":{"start":{"line":71,"column":2},"end":{"line":71,"column":3}},"loc":{"start":{"line":71,"column":34},"end":{"line":78,"column":3}},"line":71},"4":{"name":"(anonymous_4)","decl":{"start":{"line":94,"column":2},"end":{"line":94,"column":3}},"loc":{"start":{"line":94,"column":34},"end":{"line":107,"column":3}},"line":94},"5":{"name":"(anonymous_5)","decl":{"start":{"line":98,"column":42},"end":{"line":98,"column":43}},"loc":{"start":{"line":98,"column":49},"end":{"line":98,"column":56}},"line":98},"6":{"name":"(anonymous_6)","decl":{"start":{"line":118,"column":2},"end":{"line":118,"column":3}},"loc":{"start":{"line":118,"column":34},"end":{"line":125,"column":3}},"line":118}},"branchMap":{"0":{"loc":{"start":{"line":32,"column":4},"end":{"line":35,"column":5}},"type":"if","locations":[{"start":{"line":32,"column":4},"end":{"line":35,"column":5}},{"start":{},"end":{}}],"line":32},"1":{"loc":{"start":{"line":97,"column":6},"end":{"line":100,"column":7}},"type":"if","locations":[{"start":{"line":97,"column":6},"end":{"line":100,"column":7}},{"start":{},"end":{}}],"line":97}},"s":{"0":4,"1":4,"2":4,"3":4,"4":4,"5":4,"6":4,"7":4,"8":4,"9":4,"10":4,"11":4,"12":4,"13":2,"14":5,"15":2,"16":2,"17":2,"18":2,"19":2,"20":4,"21":2,"22":2,"23":1,"24":1,"25":4,"26":3,"27":3,"28":2,"29":1,"30":4,"31":5,"32":5,"33":5,"34":1,"35":1,"36":1,"37":4,"38":3,"39":2,"40":4,"41":3,"42":3,"43":2,"44":1,"45":4},"f":{"0":4,"1":5,"2":2,"3":3,"4":5,"5":1,"6":3},"b":{"0":[2,2],"1":[1,4]},"_coverageSchema":"1a1c01bbd47fc00a2c39e90264f33305004495a9","hash":"f8eef9c04da96e49237c012bb80460e69b8fc673"}
}
