TN:
SF:app.js
FN:30,(anonymous_0)
FN:35,(anonymous_1)
FNF:2
FNH:2
FNDA:2,(anonymous_0)
FNDA:39,(anonymous_1)
DA:5,4
DA:6,4
DA:8,4
DA:10,4
DA:11,4
DA:12,4
DA:13,4
DA:15,4
DA:17,4
DA:19,4
DA:20,4
DA:21,4
DA:22,4
DA:24,4
DA:25,4
DA:26,4
DA:30,4
DA:31,2
DA:35,4
DA:36,39
DA:37,39
DA:38,39
DA:40,39
DA:45,4
LF:24
LH:24
BRDA:36,0,0,1
BRDA:36,0,1,38
BRDA:37,1,0,39
BRDA:37,1,1,2
BRF:4
BRH:4
end_of_record
TN:
SF:config.js
FN:13,getDatabaseUri
FNF:1
FNH:1
FNDA:18,getDatabaseUri
DA:5,9
DA:6,9
DA:8,9
DA:10,9
DA:14,18
DA:22,9
DA:24,9
DA:25,9
DA:26,9
DA:27,9
DA:28,9
DA:29,9
DA:31,9
LF:13
LH:13
BRDA:8,0,0,9
BRDA:8,0,1,8
BRDA:10,1,0,9
BRDA:10,1,1,8
BRDA:14,2,0,15
BRDA:14,2,1,3
BRDA:16,3,0,3
BRDA:16,3,1,1
BRDA:22,4,0,8
BRDA:22,4,1,1
BRF:10
BRH:10
end_of_record
TN:
SF:db.js
FNF:0
FNH:0
DA:3,6
DA:4,6
DA:8,6
DA:9,0
DA:16,6
DA:21,6
DA:23,6
LF:7
LH:6
BRDA:8,0,0,0
BRDA:8,0,1,6
BRF:2
BRH:1
end_of_record
TN:
SF:expressError.js
FN:8,(anonymous_0)
FN:18,(anonymous_1)
FN:26,(anonymous_2)
FN:34,(anonymous_3)
FN:42,(anonymous_4)
FNF:5
FNH:4
FNDA:50,(anonymous_0)
FNDA:14,(anonymous_1)
FNDA:19,(anonymous_2)
FNDA:17,(anonymous_3)
FNDA:0,(anonymous_4)
DA:9,50
DA:10,50
DA:11,50
DA:19,14
DA:27,19
DA:35,17
DA:43,0
DA:47,7
LF:8
LH:7
BRDA:18,0,0,2
BRDA:26,1,0,15
BRDA:34,2,0,0
BRDA:42,3,0,0
BRF:4
BRH:2
end_of_record
TN:
SF:helpers/sql.js
FN:14,sqlForPartialUpdate
FN:20,(anonymous_1)
FNF:2
FNH:2
FNDA:14,sqlForPartialUpdate
FNDA:24,(anonymous_1)
DA:1,6
DA:15,14
DA:16,14
DA:19,12
DA:20,24
DA:23,12
DA:29,6
LF:7
LH:7
BRDA:16,0,0,2
BRDA:16,0,1,12
BRDA:20,1,0,24
BRDA:20,1,1,11
BRF:4
BRH:4
end_of_record
TN:
SF:helpers/tokens.js
FN:6,createToken
FNF:1
FNH:1
FNDA:16,createToken
DA:1,5
DA:2,5
DA:7,16
DA:10,16
DA:15,16
DA:18,5
LF:6
LH:6
BRDA:12,0,0,16
BRDA:12,0,1,11
BRF:2
BRH:2
end_of_record
TN:
SF:middleware/auth.js
FN:17,authenticateJWT
FN:35,ensureLoggedIn
FN:50,ensureAdmin
FN:61,ensureSelfUserOrAdmin
FNF:4
FNH:4
FNDA:62,authenticateJWT
FNDA:2,ensureLoggedIn
FNDA:23,ensureAdmin
FNDA:17,ensureSelfUserOrAdmin
DA:5,5
DA:6,5
DA:7,5
DA:18,62
DA:19,62
DA:20,62
DA:21,36
DA:22,36
DA:24,61
DA:26,1
DA:36,2
DA:37,2
DA:38,1
DA:40,1
DA:51,23
DA:52,23
DA:53,8
DA:55,15
DA:57,8
DA:62,17
DA:63,17
DA:64,17
DA:65,6
DA:67,11
DA:69,6
DA:73,5
LF:26
LH:26
BRDA:19,0,0,62
BRDA:19,0,1,61
BRDA:20,1,0,36
BRDA:20,1,1,26
BRDA:37,2,0,1
BRDA:37,2,1,1
BRDA:52,3,0,8
BRDA:52,3,1,15
BRDA:52,4,0,23
BRDA:52,4,1,19
BRDA:64,5,0,6
BRDA:64,5,1,11
BRDA:64,6,0,17
BRDA:64,6,1,14
BRDA:64,6,2,6
BRF:15
BRH:15
end_of_record
TN:
SF:models/_testCommon.js
FN:6,commonBeforeAll
FN:33,commonBeforeEach
FN:37,commonAfterEach
FN:41,commonAfterAll
FNF:4
FNH:4
FNDA:2,commonBeforeAll
FNDA:26,commonBeforeEach
FNDA:26,commonAfterEach
FNDA:2,commonAfterAll
DA:1,2
DA:3,2
DA:4,2
DA:8,2
DA:10,2
DA:12,2
DA:18,2
DA:34,26
DA:38,26
DA:42,2
DA:46,2
LF:11
LH:11
BRF:0
BRH:0
end_of_record
TN:
SF:models/company.js
FN:20,(anonymous_0)
FN:48,(anonymous_1)
FN:115,(anonymous_2)
FN:146,(anonymous_3)
FN:174,(anonymous_4)
FNF:5
FNH:5
FNDA:13,(anonymous_0)
FNDA:6,(anonymous_1)
FNDA:5,(anonymous_2)
FNDA:6,(anonymous_3)
FNDA:4,(anonymous_4)
DA:3,5
DA:4,5
DA:5,5
DA:6,5
DA:21,13
DA:28,13
DA:29,1
DA:31,12
DA:38,12
DA:40,12
DA:50,6
DA:58,6
DA:59,6
DA:62,6
DA:66,6
DA:67,1
DA:68,1
DA:75,5
DA:76,1
DA:77,1
DA:80,5
DA:81,2
DA:82,2
DA:85,5
DA:86,1
DA:87,1
DA:93,5
DA:94,2
DA:98,5
DA:102,5
DA:104,4
DA:116,5
DA:127,5
DA:129,5
DA:131,3
DA:147,6
DA:151,5
DA:153,5
DA:161,5
DA:162,5
DA:164,5
DA:166,3
DA:175,4
DA:182,4
DA:184,4
DA:188,5
LF:46
LH:46
BRDA:28,0,0,1
BRDA:28,0,1,12
BRDA:48,1,0,1
BRDA:66,2,0,1
BRDA:66,2,1,5
BRDA:75,3,0,1
BRDA:75,3,1,4
BRDA:80,4,0,2
BRDA:80,4,1,3
BRDA:85,5,0,1
BRDA:85,5,1,4
BRDA:93,6,0,2
BRDA:93,6,1,3
BRDA:129,7,0,2
BRDA:129,7,1,3
BRDA:164,8,0,2
BRDA:164,8,1,3
BRDA:184,9,0,2
BRDA:184,9,1,2
BRF:19
BRH:19
end_of_record
TN:
SF:models/user.js
FN:24,(anonymous_0)
FN:59,(anonymous_1)
FN:104,(anonymous_2)
FN:126,(anonymous_3)
FN:162,(anonymous_4)
FN:195,(anonymous_5)
FNF:6
FNH:6
FNDA:7,(anonymous_0)
FNDA:16,(anonymous_1)
FNDA:3,(anonymous_2)
FNDA:5,(anonymous_3)
FNDA:8,(anonymous_4)
FNDA:5,(anonymous_5)
DA:3,5
DA:4,5
DA:5,5
DA:10,5
DA:12,5
DA:26,7
DA:38,7
DA:40,7
DA:42,4
DA:43,4
DA:44,3
DA:45,3
DA:49,4
DA:61,16
DA:68,16
DA:69,1
DA:72,15
DA:74,15
DA:94,15
DA:96,15
DA:105,3
DA:115,2
DA:127,5
DA:138,5
DA:140,5
DA:142,3
DA:163,8
DA:164,2
DA:167,8
DA:174,7
DA:176,7
DA:184,7
DA:185,7
DA:187,7
DA:189,5
DA:190,5
DA:196,5
DA:203,5
DA:205,5
DA:210,5
LF:40
LH:40
BRDA:40,0,0,4
BRDA:40,0,1,3
BRDA:43,1,0,3
BRDA:43,1,1,1
BRDA:68,2,0,1
BRDA:68,2,1,15
BRDA:140,3,0,2
BRDA:140,3,1,3
BRDA:163,4,0,2
BRDA:163,4,1,6
BRDA:187,5,0,2
BRDA:187,5,1,5
BRDA:205,6,0,2
BRDA:205,6,1,3
BRF:14
BRH:14
end_of_record
TN:
SF:routes/_testCommon.js
FN:8,commonBeforeAll
FN:62,commonBeforeEach
FN:66,commonAfterEach
FN:70,commonAfterAll
FNF:4
FNH:4
FNDA:3,commonBeforeAll
FNDA:57,commonBeforeEach
FNDA:57,commonAfterEach
FNDA:3,commonAfterAll
DA:3,3
DA:4,3
DA:5,3
DA:6,3
DA:10,3
DA:12,3
DA:14,3
DA:21,3
DA:28,3
DA:36,3
DA:44,3
DA:52,3
DA:63,57
DA:67,57
DA:71,3
DA:74,3
DA:75,3
DA:76,3
DA:78,3
LF:19
LH:19
BRF:0
BRH:0
end_of_record
TN:
SF:routes/auth.js
FN:22,(anonymous_0)
FN:26,(anonymous_1)
FN:49,(anonymous_2)
FN:53,(anonymous_3)
FNF:4
FNH:4
FNDA:5,(anonymous_0)
FNDA:2,(anonymous_1)
FNDA:3,(anonymous_2)
FNDA:5,(anonymous_3)
DA:5,4
DA:7,4
DA:8,4
DA:9,4
DA:10,4
DA:11,4
DA:12,4
DA:13,4
DA:22,4
DA:23,5
DA:24,5
DA:25,5
DA:26,2
DA:27,2
DA:30,3
DA:31,3
DA:32,1
DA:33,1
DA:35,4
DA:49,4
DA:50,3
DA:51,3
DA:52,3
DA:53,5
DA:54,2
DA:57,1
DA:58,1
DA:59,1
DA:61,2
DA:66,4
LF:30
LH:30
BRDA:25,0,0,2
BRDA:25,0,1,3
BRDA:52,1,0,2
BRDA:52,1,1,1
BRF:4
BRH:4
end_of_record
TN:
SF:routes/companies.js
FN:27,(anonymous_0)
FN:31,(anonymous_1)
FN:53,(anonymous_2)
FN:70,(anonymous_3)
FN:88,(anonymous_4)
FN:108,(anonymous_5)
FN:112,(anonymous_6)
FN:128,(anonymous_7)
FNF:8
FNH:8
FNDA:3,(anonymous_0)
FNDA:3,(anonymous_1)
FNDA:6,(anonymous_2)
FNDA:1,(anonymous_3)
FNDA:3,(anonymous_4)
FNDA:4,(anonymous_5)
FNDA:2,(anonymous_6)
FNDA:2,(anonymous_7)
DA:5,4
DA:6,4
DA:8,4
DA:9,4
DA:10,4
DA:12,4
DA:13,4
DA:14,4
DA:16,4
DA:27,4
DA:28,3
DA:29,3
DA:30,3
DA:31,3
DA:32,2
DA:35,1
DA:36,1
DA:38,2
DA:53,4
DA:55,6
DA:57,6
DA:60,6
DA:61,3
DA:63,6
DA:64,3
DA:67,6
DA:68,6
DA:69,6
DA:70,1
DA:71,1
DA:73,5
DA:74,3
DA:76,3
DA:88,4
DA:89,3
DA:90,3
DA:91,2
DA:93,1
DA:108,4
DA:109,4
DA:110,4
DA:111,4
DA:112,2
DA:113,2
DA:116,2
DA:117,1
DA:119,3
DA:128,4
DA:129,2
DA:130,2
DA:131,1
DA:133,1
DA:137,4
LF:53
LH:53
BRDA:30,0,0,2
BRDA:30,0,1,1
BRDA:60,1,0,3
BRDA:60,1,1,3
BRDA:63,2,0,3
BRDA:63,2,1,3
BRDA:69,3,0,1
BRDA:69,3,1,5
BRDA:111,4,0,2
BRDA:111,4,1,2
BRF:10
BRH:10
end_of_record
TN:
SF:routes/users.js
FN:29,(anonymous_0)
FN:33,(anonymous_1)
FN:52,(anonymous_2)
FN:71,(anonymous_3)
FN:94,(anonymous_4)
FN:98,(anonymous_5)
FN:118,(anonymous_6)
FNF:7
FNH:7
FNDA:4,(anonymous_0)
FNDA:5,(anonymous_1)
FNDA:2,(anonymous_2)
FNDA:3,(anonymous_3)
FNDA:5,(anonymous_4)
FNDA:1,(anonymous_5)
FNDA:3,(anonymous_6)
DA:5,4
DA:7,4
DA:8,4
DA:9,4
DA:10,4
DA:11,4
DA:12,4
DA:13,4
DA:15,4
DA:29,4
DA:30,4
DA:31,4
DA:32,4
DA:33,5
DA:34,2
DA:37,2
DA:38,2
DA:39,2
DA:41,2
DA:52,4
DA:53,2
DA:54,2
DA:55,1
DA:57,1
DA:68,4
DA:72,3
DA:73,3
DA:74,2
DA:76,1
DA:91,4
DA:95,5
DA:96,5
DA:97,5
DA:98,1
DA:99,1
DA:102,4
DA:103,3
DA:105,2
DA:115,4
DA:119,3
DA:120,3
DA:121,2
DA:123,1
DA:128,4
LF:44
LH:44
BRDA:32,0,0,2
BRDA:32,0,1,2
BRDA:97,1,0,1
BRDA:97,1,1,4
BRF:4
BRH:4
end_of_record
