TN:
SF:app.js
FN:31,(anonymous_0)
FN:36,(anonymous_1)
FNF:2
FNH:2
FNDA:2,(anonymous_0)
FNDA:51,(anonymous_1)
DA:5,6
DA:6,6
DA:8,6
DA:10,6
DA:11,6
DA:12,6
DA:13,6
DA:14,6
DA:16,6
DA:18,6
DA:20,6
DA:21,6
DA:22,6
DA:23,6
DA:25,6
DA:26,6
DA:27,6
DA:28,6
DA:31,6
DA:32,2
DA:36,6
DA:37,51
DA:38,51
DA:39,51
DA:41,51
DA:46,6
LF:26
LH:26
BRDA:37,0,0,1
BRDA:37,0,1,50
BRDA:38,1,0,51
BRDA:38,1,1,2
BRF:4
BRH:4
end_of_record
TN:
SF:config.js
FN:13,getDatabaseUri
FNF:1
FNH:1
FNDA:22,getDatabaseUri
DA:5,11
DA:6,11
DA:8,11
DA:10,11
DA:14,22
DA:22,11
DA:24,11
DA:25,11
DA:26,11
DA:27,11
DA:28,11
DA:29,11
DA:31,11
LF:13
LH:13
BRDA:8,0,0,11
BRDA:8,0,1,10
BRDA:10,1,0,11
BRDA:10,1,1,10
BRDA:14,2,0,19
BRDA:14,2,1,3
BRDA:16,3,0,3
BRDA:16,3,1,1
BRDA:22,4,0,10
BRDA:22,4,1,1
BRF:10
BRH:10
end_of_record
TN:
SF:db.js
FNF:0
FNH:0
DA:3,8
DA:4,8
DA:8,8
DA:9,0
DA:16,8
DA:21,8
DA:23,8
LF:7
LH:6
BRDA:8,0,0,0
BRDA:8,0,1,8
BRF:2
BRH:1
end_of_record
TN:
SF:expressError.js
FN:8,(anonymous_0)
FN:18,(anonymous_1)
FN:26,(anonymous_2)
FN:34,(anonymous_3)
FN:42,(anonymous_4)
FNF:5
FNH:4
FNDA:68,(anonymous_0)
FNDA:21,(anonymous_1)
FNDA:23,(anonymous_2)
FNDA:24,(anonymous_3)
FNDA:0,(anonymous_4)
DA:9,68
DA:10,68
DA:11,68
DA:19,21
DA:27,23
DA:35,24
DA:43,0
DA:47,9
LF:8
LH:7
BRDA:18,0,0,2
BRDA:26,1,0,19
BRDA:34,2,0,0
BRDA:42,3,0,0
BRF:4
BRH:2
end_of_record
TN:
SF:helpers/sql.js
FN:14,sqlForPartialUpdate
FN:20,(anonymous_1)
FNF:2
FNH:2
FNDA:18,sqlForPartialUpdate
FNDA:29,(anonymous_1)
DA:1,8
DA:15,18
DA:16,18
DA:19,15
DA:20,29
DA:23,15
DA:29,8
LF:7
LH:7
BRDA:16,0,0,3
BRDA:16,0,1,15
BRDA:20,1,0,29
BRDA:20,1,1,16
BRF:4
BRH:4
end_of_record
TN:
SF:helpers/tokens.js
FN:6,createToken
FNF:1
FNH:1
FNDA:19,createToken
DA:1,7
DA:2,7
DA:7,19
DA:10,19
DA:15,19
DA:18,7
LF:6
LH:6
BRDA:12,0,0,19
BRDA:12,0,1,13
BRF:2
BRH:2
end_of_record
TN:
SF:middleware/auth.js
FN:17,authenticateJWT
FN:35,ensureLoggedIn
FN:50,ensureAdmin
FN:61,ensureSelfUserOrAdmin
FNF:4
FNH:4
FNDA:82,authenticateJWT
FNDA:2,ensureLoggedIn
FNDA:36,ensureAdmin
FNDA:18,ensureSelfUserOrAdmin
DA:5,7
DA:6,7
DA:7,7
DA:18,82
DA:19,82
DA:20,82
DA:21,49
DA:22,49
DA:24,81
DA:26,1
DA:36,2
DA:37,2
DA:38,1
DA:40,1
DA:51,36
DA:52,36
DA:53,12
DA:55,24
DA:57,12
DA:62,18
DA:63,18
DA:64,18
DA:65,6
DA:67,12
DA:69,6
DA:73,7
LF:26
LH:26
BRDA:19,0,0,82
BRDA:19,0,1,81
BRDA:20,1,0,49
BRDA:20,1,1,33
BRDA:37,2,0,1
BRDA:37,2,1,1
BRDA:52,3,0,12
BRDA:52,3,1,24
BRDA:52,4,0,36
BRDA:52,4,1,31
BRDA:64,5,0,6
BRDA:64,5,1,12
BRDA:64,6,0,18
BRDA:64,6,1,15
BRDA:64,6,2,6
BRF:15
BRH:15
end_of_record
TN:
SF:models/_testCommon.js
FN:8,commonBeforeAll
FN:27,(anonymous_1)
FN:53,commonBeforeEach
FN:57,commonAfterEach
FN:61,commonAfterAll
FNF:5
FNH:5
FNDA:3,commonBeforeAll
FNDA:12,(anonymous_1)
FNDA:42,commonBeforeEach
FNDA:42,commonAfterEach
FNDA:3,commonAfterAll
DA:1,3
DA:3,3
DA:4,3
DA:6,3
DA:10,3
DA:12,3
DA:14,3
DA:20,3
DA:27,12
DA:29,3
DA:45,3
DA:54,42
DA:58,42
DA:62,3
DA:65,3
LF:15
LH:15
BRF:0
BRH:0
end_of_record
TN:
SF:models/company.js
FN:19,(anonymous_0)
FN:47,(anonymous_1)
FN:113,(anonymous_2)
FN:154,(anonymous_3)
FN:182,(anonymous_4)
FNF:5
FNH:5
FNDA:16,(anonymous_0)
FNDA:6,(anonymous_1)
FNDA:5,(anonymous_2)
FNDA:6,(anonymous_3)
FNDA:4,(anonymous_4)
DA:3,7
DA:4,7
DA:5,7
DA:20,16
DA:27,16
DA:28,1
DA:30,15
DA:37,15
DA:39,15
DA:49,6
DA:57,6
DA:58,6
DA:61,6
DA:65,6
DA:66,1
DA:73,5
DA:74,1
DA:75,1
DA:78,5
DA:79,2
DA:80,2
DA:83,5
DA:84,1
DA:85,1
DA:91,5
DA:92,2
DA:96,5
DA:100,5
DA:102,4
DA:114,5
DA:125,5
DA:127,5
DA:129,3
DA:137,3
DA:139,3
DA:155,6
DA:159,5
DA:161,5
DA:169,5
DA:170,5
DA:172,5
DA:174,3
DA:183,4
DA:190,4
DA:192,4
DA:196,7
LF:46
LH:46
BRDA:27,0,0,1
BRDA:27,0,1,15
BRDA:47,1,0,1
BRDA:65,2,0,1
BRDA:65,2,1,5
BRDA:73,3,0,1
BRDA:73,3,1,4
BRDA:78,4,0,2
BRDA:78,4,1,3
BRDA:83,5,0,1
BRDA:83,5,1,4
BRDA:91,6,0,2
BRDA:91,6,1,3
BRDA:127,7,0,2
BRDA:127,7,1,3
BRDA:172,8,0,2
BRDA:172,8,1,3
BRDA:192,9,0,2
BRDA:192,9,1,2
BRF:19
BRH:19
end_of_record
TN:
SF:models/job.js
FN:18,(anonymous_0)
FN:38,(anonymous_1)
FN:96,(anonymous_2)
FN:143,(anonymous_3)
FN:172,(anonymous_4)
FNF:5
FNH:5
FNDA:14,(anonymous_0)
FNDA:8,(anonymous_1)
FNDA:4,(anonymous_2)
FNDA:4,(anonymous_3)
FNDA:4,(anonymous_4)
DA:3,7
DA:4,7
DA:5,7
DA:19,14
DA:28,14
DA:30,14
DA:40,8
DA:51,8
DA:52,8
DA:57,8
DA:58,3
DA:59,3
DA:62,8
DA:63,3
DA:66,8
DA:67,2
DA:68,2
DA:74,8
DA:75,6
DA:80,8
DA:84,8
DA:85,8
DA:97,4
DA:108,4
DA:110,4
DA:112,2
DA:123,2
DA:124,2
DA:126,2
DA:144,4
DA:146,3
DA:148,3
DA:157,3
DA:159,3
DA:161,3
DA:163,2
DA:173,4
DA:180,4
DA:182,4
DA:186,7
LF:40
LH:40
BRDA:38,0,0,1
BRDA:57,1,0,3
BRDA:57,1,1,5
BRDA:62,2,0,3
BRDA:62,2,1,5
BRDA:66,3,0,2
BRDA:66,3,1,6
BRDA:74,4,0,6
BRDA:74,4,1,2
BRDA:110,5,0,2
BRDA:110,5,1,2
BRDA:161,6,0,1
BRDA:161,6,1,2
BRDA:182,7,0,2
BRDA:182,7,1,2
BRF:15
BRH:15
end_of_record
TN:
SF:models/user.js
FN:24,(anonymous_0)
FN:59,(anonymous_1)
FN:103,(anonymous_2)
FN:125,(anonymous_3)
FN:148,(anonymous_4)
FN:170,(anonymous_5)
FN:201,(anonymous_6)
FN:220,(anonymous_7)
FNF:8
FNH:8
FNDA:7,(anonymous_0)
FNDA:19,(anonymous_1)
FNDA:3,(anonymous_2)
FNDA:5,(anonymous_3)
FNDA:3,(anonymous_4)
FNDA:8,(anonymous_5)
FNDA:5,(anonymous_6)
FNDA:8,(anonymous_7)
DA:3,6
DA:4,6
DA:5,6
DA:10,6
DA:12,6
DA:26,7
DA:38,7
DA:40,7
DA:42,4
DA:43,4
DA:44,3
DA:45,3
DA:49,4
DA:67,19
DA:74,19
DA:75,1
DA:78,18
DA:80,18
DA:93,18
DA:95,18
DA:104,3
DA:114,2
DA:126,5
DA:137,5
DA:139,5
DA:141,3
DA:148,3
DA:150,3
DA:171,8
DA:172,2
DA:175,8
DA:180,7
DA:182,7
DA:190,7
DA:191,7
DA:193,7
DA:195,5
DA:196,5
DA:202,5
DA:209,5
DA:211,5
DA:221,8
DA:228,8
DA:230,8
DA:232,7
DA:239,7
DA:241,7
DA:243,6
DA:251,6
LF:49
LH:49
BRDA:40,0,0,4
BRDA:40,0,1,3
BRDA:43,1,0,3
BRDA:43,1,1,1
BRDA:74,2,0,1
BRDA:74,2,1,18
BRDA:139,3,0,2
BRDA:139,3,1,3
BRDA:171,4,0,2
BRDA:171,4,1,6
BRDA:193,5,0,2
BRDA:193,5,1,5
BRDA:211,6,0,2
BRDA:211,6,1,3
BRDA:230,7,0,1
BRDA:230,7,1,7
BRDA:241,8,0,1
BRDA:241,8,1,6
BRF:18
BRH:18
end_of_record
TN:
SF:routes/_testCommon.js
FN:11,commonBeforeAll
FN:91,commonBeforeEach
FN:95,commonAfterEach
FN:99,commonAfterAll
FNF:4
FNH:4
FNDA:4,commonBeforeAll
FNDA:77,commonBeforeEach
FNDA:77,commonAfterEach
FNDA:4,commonAfterAll
DA:3,4
DA:4,4
DA:5,4
DA:6,4
DA:7,4
DA:9,4
DA:13,4
DA:15,4
DA:17,4
DA:24,4
DA:31,4
DA:39,4
DA:47,4
DA:55,4
DA:63,4
DA:71,4
DA:79,4
DA:88,4
DA:92,77
DA:96,77
DA:100,4
DA:103,4
DA:104,4
DA:105,4
DA:107,4
LF:25
LH:25
BRF:0
BRH:0
end_of_record
TN:
SF:routes/auth.js
FN:22,(anonymous_0)
FN:26,(anonymous_1)
FN:49,(anonymous_2)
FN:53,(anonymous_3)
FNF:4
FNH:4
FNDA:5,(anonymous_0)
FNDA:2,(anonymous_1)
FNDA:3,(anonymous_2)
FNDA:5,(anonymous_3)
DA:5,6
DA:7,6
DA:8,6
DA:9,6
DA:10,6
DA:11,6
DA:12,6
DA:13,6
DA:22,6
DA:23,5
DA:24,5
DA:25,5
DA:26,2
DA:27,2
DA:30,3
DA:31,3
DA:32,1
DA:33,1
DA:35,4
DA:49,6
DA:50,3
DA:51,3
DA:52,3
DA:53,5
DA:54,2
DA:57,1
DA:58,1
DA:59,1
DA:61,2
DA:66,6
LF:30
LH:30
BRDA:25,0,0,2
BRDA:25,0,1,3
BRDA:52,1,0,2
BRDA:52,1,1,1
BRF:4
BRH:4
end_of_record
TN:
SF:routes/companies.js
FN:27,(anonymous_0)
FN:31,(anonymous_1)
FN:53,(anonymous_2)
FN:68,(anonymous_3)
FN:86,(anonymous_4)
FN:106,(anonymous_5)
FN:110,(anonymous_6)
FN:126,(anonymous_7)
FNF:8
FNH:8
FNDA:3,(anonymous_0)
FNDA:3,(anonymous_1)
FNDA:6,(anonymous_2)
FNDA:1,(anonymous_3)
FNDA:3,(anonymous_4)
FNDA:4,(anonymous_5)
FNDA:2,(anonymous_6)
FNDA:2,(anonymous_7)
DA:5,6
DA:6,6
DA:8,6
DA:9,6
DA:10,6
DA:12,6
DA:13,6
DA:14,6
DA:16,6
DA:27,6
DA:28,3
DA:29,3
DA:30,3
DA:31,3
DA:32,2
DA:35,1
DA:36,1
DA:38,2
DA:53,6
DA:55,6
DA:58,6
DA:59,3
DA:61,6
DA:62,3
DA:65,6
DA:66,6
DA:67,6
DA:68,1
DA:69,1
DA:71,5
DA:72,3
DA:74,3
DA:86,6
DA:87,3
DA:88,3
DA:89,2
DA:91,1
DA:106,6
DA:107,4
DA:108,4
DA:109,4
DA:110,2
DA:111,2
DA:114,2
DA:115,1
DA:117,3
DA:126,6
DA:127,2
DA:128,2
DA:129,1
DA:131,1
DA:135,6
LF:52
LH:52
BRDA:30,0,0,2
BRDA:30,0,1,1
BRDA:58,1,0,3
BRDA:58,1,1,3
BRDA:61,2,0,3
BRDA:61,2,1,3
BRDA:67,3,0,1
BRDA:67,3,1,5
BRDA:109,4,0,2
BRDA:109,4,1,2
BRF:10
BRH:10
end_of_record
TN:
SF:routes/jobs.js
FN:26,(anonymous_0)
FN:30,(anonymous_1)
FN:52,(anonymous_2)
FN:62,(anonymous_3)
FN:81,(anonymous_4)
FN:99,(anonymous_5)
FN:103,(anonymous_6)
FN:119,(anonymous_7)
FNF:8
FNH:8
FNDA:3,(anonymous_0)
FNDA:2,(anonymous_1)
FNDA:4,(anonymous_2)
FNDA:1,(anonymous_3)
FNDA:2,(anonymous_4)
FNDA:4,(anonymous_5)
FNDA:6,(anonymous_6)
FNDA:2,(anonymous_7)
DA:5,6
DA:7,6
DA:8,6
DA:9,6
DA:10,6
DA:11,6
DA:12,6
DA:13,6
DA:15,6
DA:26,6
DA:27,3
DA:28,3
DA:29,3
DA:30,2
DA:31,2
DA:34,1
DA:35,1
DA:37,2
DA:52,6
DA:53,4
DA:55,4
DA:56,2
DA:57,4
DA:59,4
DA:60,4
DA:61,4
DA:62,1
DA:63,1
DA:66,3
DA:67,3
DA:69,1
DA:81,6
DA:82,2
DA:83,2
DA:84,1
DA:86,1
DA:99,6
DA:100,4
DA:101,4
DA:102,4
DA:103,6
DA:104,3
DA:107,1
DA:108,1
DA:110,3
DA:119,6
DA:120,2
DA:121,2
DA:122,1
DA:124,1
DA:128,6
LF:51
LH:51
BRDA:29,0,0,2
BRDA:29,0,1,1
BRDA:55,1,0,2
BRDA:55,1,1,2
BRDA:61,2,0,1
BRDA:61,2,1,3
BRDA:102,3,0,3
BRDA:102,3,1,1
BRF:8
BRH:8
end_of_record
TN:
SF:routes/users.js
FN:29,(anonymous_0)
FN:33,(anonymous_1)
FN:52,(anonymous_2)
FN:71,(anonymous_3)
FN:94,(anonymous_4)
FN:98,(anonymous_5)
FN:118,(anonymous_6)
FN:138,(anonymous_7)
FNF:8
FNH:8
FNDA:4,(anonymous_0)
FNDA:5,(anonymous_1)
FNDA:2,(anonymous_2)
FNDA:3,(anonymous_3)
FNDA:5,(anonymous_4)
FNDA:1,(anonymous_5)
FNDA:3,(anonymous_6)
FNDA:1,(anonymous_7)
DA:5,6
DA:7,6
DA:8,6
DA:9,6
DA:10,6
DA:11,6
DA:12,6
DA:13,6
DA:15,6
DA:29,6
DA:30,4
DA:31,4
DA:32,4
DA:33,5
DA:34,2
DA:37,2
DA:38,2
DA:39,2
DA:41,2
DA:52,6
DA:53,2
DA:54,2
DA:55,1
DA:57,1
DA:68,6
DA:72,3
DA:73,3
DA:74,2
DA:76,1
DA:91,6
DA:95,5
DA:96,5
DA:97,5
DA:98,1
DA:99,1
DA:102,4
DA:103,3
DA:105,2
DA:115,6
DA:119,3
DA:120,3
DA:121,2
DA:123,1
DA:135,6
DA:139,1
DA:140,1
DA:141,1
DA:142,1
DA:143,1
DA:145,0
DA:150,6
LF:51
LH:50
BRDA:32,0,0,2
BRDA:32,0,1,2
BRDA:97,1,0,1
BRDA:97,1,1,4
BRF:4
BRH:4
end_of_record
